<?xml version="1.0" encoding="UTF-8"?>
<!-- Generated by org.testng.reporters.JUnitXMLReporter -->
<testsuite ignored="2" hostname="EC2AMAZ-EHR6SVV" failures="0" tests="1" name="Default test" time="4.857" errors="0" timestamp="2024-12-26T10:14:30 IST">
  <testcase classname="com.Notes.GraphQL_QueryTest" name="getPokemonDetails" time="4.791"/>
  <testcase classname="com.Notes.GraphQL_QueryTest" name="getAllFilmsTest" time="0.0">
    <ignored/>
  </testcase> <!-- getAllFilmsTest -->
  <testcase classname="com.Notes.GraphQL_QueryTest" name="postPokemonAPI" time="0.0">
    <ignored/>
  </testcase> <!-- postPokemonAPI -->
</testsuite> <!-- Default test -->
