<?xml version="1.0" encoding="UTF-8"?>
<!-- Generated by org.testng.reporters.JUnitXMLReporter -->
<testsuite ignored="0" hostname="EC2AMAZ-EHR6SVV" failures="0" tests="23" name="Sanity_Test" time="31.57" errors="0" timestamp="2024-12-23T12:38:11 IST">
  <testcase classname="com.Notes.All_Login" name="Login_All" time="0.353"/>
  <testcase classname="com.Notes.All_Login" name="Login_All" time="0.331"/>
  <testcase classname="com.Notes.All_Login" name="Login_All" time="0.327"/>
  <testcase classname="com.Notes.All_Login" name="Login_All" time="0.328"/>
  <testcase classname="com.Notes.All_Login" name="Login_All" time="0.34"/>
  <testcase classname="com.Notes.All_Login" name="Login_All" time="0.347"/>
  <testcase classname="com.Notes.All_Login" name="Login_All" time="0.388"/>
  <testcase classname="com.Notes.All_Login" name="Login_All" time="0.526"/>
  <testcase classname="com.Notes.Create_Notes_UsingBase_and_File" name="createNotes" time="0.516"/>
  <testcase classname="com.Notes.Delete_Notes" name="createNotes" time="0.684"/>
  <testcase classname="com.Notes.Notes_NegativeScenario" name="createNotes_TCS" time="0.346"/>
  <testcase classname="com.Notes.Notes_NegativeScenario" name="createNotes_TCS" time="0.351"/>
  <testcase classname="com.Notes.Notes_NegativeScenario" name="createNotes_TCS" time="0.371"/>
  <testcase classname="com.Notes.Notes_NegativeScenario" name="createNotes_TCS" time="0.345"/>
  <testcase classname="com.Notes.Notes_NegativeScenario" name="createNotes_TCS" time="0.355"/>
  <testcase classname="com.Notes.Notes_AllTC" name="createNotes_TCS" time="0.458"/>
  <testcase classname="com.Notes.Notes_AllTC" name="createNotes_TCS" time="0.437"/>
  <testcase classname="com.Notes.Notes_AllTC" name="createNotes_TCS" time="0.448"/>
  <testcase classname="com.Notes.update_Notes" name="createNotes" time="0.436"/>
  <testcase classname="com.Notes.update_Notes" name="updateNotes" time="0.436"/>
  <testcase classname="com.Notes.update_Notes" name="deleteNotes" time="0.431"/>
  <testcase classname="com.Notes.Delete_Notes_UI" name="createNotes" time="0.438"/>
  <testcase classname="com.Notes.Delete_Notes_UI" name="DeleteNotes" time="14.64"/>
</testsuite> <!-- Sanity_Test -->
