<?xml version="1.0" encoding="UTF-8"?>
<!-- Generated by org.testng.reporters.JUnitXMLReporter -->
<testsuite ignored="0" hostname="EC2AMAZ-EHR6SVV" failures="0" tests="22" name="Test" time="15.087" errors="0" timestamp="2024-12-23T10:09:55 IST">
  <testcase classname="com.Notes.All_Login" name="Login_All" time="0.332"/>
  <testcase classname="com.Notes.All_Login" name="Login_All" time="0.355"/>
  <testcase classname="com.Notes.All_Login" name="Login_All" time="0.337"/>
  <testcase classname="com.Notes.All_Login" name="Login_All" time="0.33"/>
  <testcase classname="com.Notes.All_Login" name="Login_All" time="0.332"/>
  <testcase classname="com.Notes.All_Login" name="Login_All" time="0.334"/>
  <testcase classname="com.Notes.All_Login" name="Login_All" time="0.342"/>
  <testcase classname="com.Notes.All_Login" name="Login_All" time="0.473"/>
  <testcase classname="com.Notes.Create_Notes_UsingBase_and_File" name="createNotes" time="0.467"/>
  <testcase classname="com.Notes.Delete_Notes" name="createNotes" time="0.452"/>
  <testcase classname="com.Notes.Notes_NegativeScenario" name="createNotes_TCS" time="0.382"/>
  <testcase classname="com.Notes.Notes_NegativeScenario" name="createNotes_TCS" time="0.369"/>
  <testcase classname="com.Notes.Notes_NegativeScenario" name="createNotes_TCS" time="0.37"/>
  <testcase classname="com.Notes.Notes_NegativeScenario" name="createNotes_TCS" time="0.364"/>
  <testcase classname="com.Notes.Notes_NegativeScenario" name="createNotes_TCS" time="0.368"/>
  <testcase classname="com.Notes.Notes_AllTC" name="createNotes_TCS" time="0.437"/>
  <testcase classname="com.Notes.Notes_AllTC" name="createNotes_TCS" time="0.47"/>
  <testcase classname="com.Notes.Notes_AllTC" name="createNotes_TCS" time="0.446"/>
  <testcase classname="com.Notes.update_Notes" name="createNotes" time="0.447"/>
  <testcase classname="com.Notes.update_Notes" name="updateNotes" time="0.435"/>
  <testcase classname="com.Notes.update_Notes" name="deleteNotes" time="0.43"/>
  <testcase classname="com.Notes.Create_Notes_Using_File" name="createNotes" time="0.443"/>
</testsuite> <!-- Test -->
