<?xml version="1.0" encoding="UTF-8"?>
<testng-results ignored="2" total="3" passed="1" failed="0" skipped="0">
  <reporter-output>
  </reporter-output>
  <suite started-at="2024-12-26T10:14:25 IST" name="Default suite" finished-at="2024-12-26T10:14:30 IST" duration-ms="4857">
    <groups>
    </groups>
    <test started-at="2024-12-26T10:14:25 IST" name="Default test" finished-at="2024-12-26T10:14:30 IST" duration-ms="4857">
      <class name="com.Notes.GraphQL_QueryTest">
        <test-method signature="getPokemonDetails()[pri:3, instance:com.Notes.GraphQL_QueryTest@209775a9]" started-at="2024-12-26T10:14:25 IST" name="getPokemonDetails" finished-at="2024-12-26T10:14:30 IST" duration-ms="4791" status="PASS">
          <reporter-output>
          </reporter-output>
        </test-method> <!-- getPokemonDetails -->
      </class> <!-- com.Notes.GraphQL_QueryTest -->
    </test> <!-- Default test -->
  </suite> <!-- Default suite -->
</testng-results>
